{
  "RSpec": {
    "coverage": {
      "/Users/jake-edel/code/turing/1mod/projects/enigma/spec/character_shifter_spec.rb": {
        "lines": [
          1,
          null,
          1,
          1,
          1,
          1,
          1,
          null,
          null,
          1,
          1,
          1,
          1,
          null,
          null
        ]
      },
      "/Users/jake-edel/code/turing/1mod/projects/enigma/lib/character_shifter.rb": {
        "lines": [
          1,
          1,
          null,
          1,
          3,
          3,
          3,
          null,
          null,
          1,
          null,
          null,
          1,
          null,
          null
        ]
      },
      "/Users/jake-edel/code/turing/1mod/projects/enigma/spec/enigma_spec.rb": {
        "lines": [
          1,
          null,
          1,
          1,
          2,
          2,
          2,
          2,
          null,
          2,
          2,
          null,
          null,
          1,
          1,
          null,
          null,
          1,
          1,
          null,
          null
        ]
      },
      "/Users/jake-edel/code/turing/1mod/projects/enigma/lib/enigma.rb": {
        "lines": [
          1,
          1,
          null,
          null,
          1,
          1,
          2,
          2,
          2,
          null,
          null,
          1,
          2,
          null,
          null
        ]
      },
      "/Users/jake-edel/code/turing/1mod/projects/enigma/lib/offset_finder.rb": {
        "lines": [
          1,
          1,
          2,
          2,
          null,
          2,
          null,
          null,
          1,
          15,
          null,
          null,
          1,
          3,
          null,
          null,
          1,
          4,
          null,
          null,
          1,
          2,
          null,
          null
        ]
      },
      "/Users/jake-edel/code/turing/1mod/projects/enigma/spec/key_gen_spec.rb": {
        "lines": [

        ]
      },
      "/Users/jake-edel/code/turing/1mod/projects/enigma/spec/offset_finder_spec.rb": {
        "lines": [
          1,
          null,
          1,
          1,
          3,
          3,
          3,
          null,
          null,
          1,
          1,
          1,
          5,
          1,
          null,
          null,
          null,
          1,
          1,
          1,
          5,
          1,
          null,
          null,
          null,
          1,
          1,
          1,
          5,
          1,
          null,
          null,
          null
        ]
      }
    },
    "timestamp": 1642178539
  }
}
